2023-06-12 11:12:58 | INFO     | DF | Running on torch 2.0.1+cu118
2023-06-12 11:12:58 | INFO     | DF | Running on host Desktop
2023-06-12 11:12:58 | INFO     | DF | Loading model settings of DeepFilterNet3
2023-06-12 11:12:58 | INFO     | DF | Initializing model `deepfilternet3`
2023-06-12 11:13:01 | INFO     | DF | Found checkpoint ./DeepFilterNet3/checkpoints/model_120.ckpt.best with epoch 120
2023-06-12 11:13:01 | INFO     | DF | Running on device cuda:0
2023-06-12 11:13:01 | INFO     | DF | Model loaded
2023-06-12 11:17:38 | INFO     | DF | Running on torch 2.0.1+cu118
2023-06-12 11:17:38 | INFO     | DF | Running on host Desktop
2023-06-12 11:17:38 | INFO     | DF | Loading model settings of DeepFilterNet3
2023-06-12 11:17:38 | INFO     | DF | Initializing model `deepfilternet3`
2023-06-12 11:17:41 | INFO     | DF | Found checkpoint ./DeepFilterNet3/checkpoints/model_120.ckpt.best with epoch 120
2023-06-12 11:17:41 | INFO     | DF | Running on device cuda:0
2023-06-12 11:17:41 | INFO     | DF | Model loaded
2023-06-12 11:21:27 | INFO     | DF | Loading model settings of DeepFilterNet3
2023-06-12 11:21:27 | INFO     | DF | Initializing model `deepfilternet3`
2023-06-12 11:21:27 | INFO     | DF | Found checkpoint ./DeepFilterNet3/checkpoints/model_120.ckpt.best with epoch 120
2023-06-12 11:21:27 | INFO     | DF | Running on device cuda:0
2023-06-12 11:21:27 | INFO     | DF | Model loaded
2023-06-12 11:23:06 | INFO     | DF | Loading model settings of DeepFilterNet3
2023-06-12 11:23:06 | INFO     | DF | Initializing model `deepfilternet3`
2023-06-12 11:23:06 | INFO     | DF | Found checkpoint ./DeepFilterNet3/checkpoints/model_120.ckpt.best with epoch 120
2023-06-12 11:23:06 | INFO     | DF | Running on device cuda:0
2023-06-12 11:23:06 | INFO     | DF | Model loaded
2023-06-12 11:24:10 | INFO     | DF | Loading model settings of DeepFilterNet3
2023-06-12 11:24:10 | INFO     | DF | Initializing model `deepfilternet3`
2023-06-12 11:24:10 | INFO     | DF | Found checkpoint ./DeepFilterNet3/checkpoints/model_120.ckpt.best with epoch 120
2023-06-12 11:24:10 | INFO     | DF | Running on device cuda:0
2023-06-12 11:24:10 | INFO     | DF | Model loaded
2023-06-12 11:27:49 | INFO     | DF | Loading model settings of DeepFilterNet3
2023-06-12 11:27:49 | INFO     | DF | Initializing model `deepfilternet3`
2023-06-12 11:27:49 | INFO     | DF | Found checkpoint ./DeepFilterNet3/checkpoints/model_120.ckpt.best with epoch 120
2023-06-12 11:27:49 | INFO     | DF | Running on device cuda:0
2023-06-12 11:27:49 | INFO     | DF | Model loaded
2023-06-12 11:29:48 | INFO     | DF | Loading model settings of DeepFilterNet3
2023-06-12 11:29:48 | INFO     | DF | Initializing model `deepfilternet3`
2023-06-12 11:29:48 | INFO     | DF | Found checkpoint ./DeepFilterNet3/checkpoints/model_120.ckpt.best with epoch 120
2023-06-12 11:29:48 | INFO     | DF | Running on device cuda:0
2023-06-12 11:29:48 | INFO     | DF | Model loaded
2023-06-12 11:51:56 | INFO     | DF | Loading model settings of DeepFilterNet3
2023-06-12 11:51:56 | INFO     | DF | Initializing model `deepfilternet3`
2023-06-12 11:51:56 | INFO     | DF | Found checkpoint DeepFilterNet3/checkpoints/model_120.ckpt.best with epoch 120
2023-06-12 11:51:56 | INFO     | DF | Running on device cuda:0
2023-06-12 11:51:56 | INFO     | DF | Model loaded
2023-06-12 11:52:36 | INFO     | DF | Loading model settings of DeepFilterNet3
2023-06-12 11:52:36 | INFO     | DF | Initializing model `deepfilternet3`
2023-06-12 11:52:36 | INFO     | DF | Found checkpoint DeepFilterNet3/checkpoints/model_120.ckpt.best with epoch 120
2023-06-12 11:52:37 | INFO     | DF | Running on device cuda:0
2023-06-12 11:52:37 | INFO     | DF | Model loaded
2023-06-12 11:52:50 | INFO     | DF | Loading model settings of DeepFilterNet3
2023-06-12 11:52:50 | INFO     | DF | Initializing model `deepfilternet3`
2023-06-12 11:52:51 | INFO     | DF | Found checkpoint DeepFilterNet3/checkpoints/model_120.ckpt.best with epoch 120
2023-06-12 11:52:51 | INFO     | DF | Running on device cuda:0
2023-06-12 11:52:51 | INFO     | DF | Model loaded
2023-06-12 11:56:52 | INFO     | DF | Loading model settings of DeepFilterNet3
2023-06-12 11:56:52 | INFO     | DF | Initializing model `deepfilternet3`
2023-06-12 11:56:52 | INFO     | DF | Found checkpoint DeepFilterNet3/checkpoints/model_120.ckpt.best with epoch 120
2023-06-12 11:56:52 | INFO     | DF | Running on device cuda:0
2023-06-12 11:56:52 | INFO     | DF | Model loaded
2023-06-12 11:57:48 | INFO     | DF | Running on torch 2.0.1+cu118
2023-06-12 11:57:48 | INFO     | DF | Running on host Desktop
2023-06-12 11:57:48 | INFO     | DF | Loading model settings of DeepFilterNet3
2023-06-12 11:57:48 | INFO     | DF | Initializing model `deepfilternet3`
2023-06-12 11:57:50 | INFO     | DF | Found checkpoint DeepFilterNet3/checkpoints/model_120.ckpt.best with epoch 120
2023-06-12 11:57:51 | INFO     | DF | Running on device cuda:0
2023-06-12 11:57:51 | INFO     | DF | Model loaded
2023-06-12 11:58:58 | INFO     | DF | Loading model settings of DeepFilterNet3
2023-06-12 11:58:58 | INFO     | DF | Initializing model `deepfilternet3`
2023-06-12 11:58:58 | INFO     | DF | Found checkpoint DeepFilterNet3/checkpoints/model_120.ckpt.best with epoch 120
2023-06-12 11:58:58 | INFO     | DF | Running on device cuda:0
2023-06-12 11:58:58 | INFO     | DF | Model loaded
2023-06-12 11:59:28 | INFO     | DF | Loading model settings of DeepFilterNet3
2023-06-12 11:59:28 | INFO     | DF | Initializing model `deepfilternet3`
2023-06-12 11:59:28 | INFO     | DF | Found checkpoint DeepFilterNet3/checkpoints/model_120.ckpt.best with epoch 120
2023-06-12 11:59:28 | INFO     | DF | Running on device cuda:0
2023-06-12 11:59:28 | INFO     | DF | Model loaded
2023-06-12 12:08:16 | INFO     | DF | Running on torch 2.0.1+cu118
2023-06-12 12:08:16 | INFO     | DF | Running on host Desktop
2023-06-12 12:08:16 | INFO     | DF | Loading model settings of DeepFilterNet3
2023-06-12 12:08:16 | INFO     | DF | Initializing model `deepfilternet3`
2023-06-12 12:08:18 | INFO     | DF | Found checkpoint DeepFilterNet3/checkpoints/model_120.ckpt.best with epoch 120
2023-06-12 12:08:18 | INFO     | DF | Running on device cuda:0
2023-06-12 12:08:18 | INFO     | DF | Model loaded
2023-06-12 12:09:40 | INFO     | DF | Loading model settings of DeepFilterNet3
2023-06-12 12:09:40 | INFO     | DF | Initializing model `deepfilternet3`
2023-06-12 12:09:40 | INFO     | DF | Found checkpoint DeepFilterNet3/checkpoints/model_120.ckpt.best with epoch 120
2023-06-12 12:09:40 | INFO     | DF | Running on device cuda:0
2023-06-12 12:09:40 | INFO     | DF | Model loaded
2023-06-12 12:10:08 | INFO     | DF | Loading model settings of DeepFilterNet3
2023-06-12 12:10:08 | INFO     | DF | Initializing model `deepfilternet3`
2023-06-12 12:10:08 | INFO     | DF | Found checkpoint DeepFilterNet3/checkpoints/model_120.ckpt.best with epoch 120
2023-06-12 12:10:08 | INFO     | DF | Running on device cuda:0
2023-06-12 12:10:08 | INFO     | DF | Model loaded
2023-06-12 12:10:54 | INFO     | DF | Loading model settings of DeepFilterNet3
2023-06-12 12:10:54 | INFO     | DF | Initializing model `deepfilternet3`
2023-06-12 12:10:55 | INFO     | DF | Found checkpoint DeepFilterNet3/checkpoints/model_120.ckpt.best with epoch 120
2023-06-12 12:10:55 | INFO     | DF | Running on device cuda:0
2023-06-12 12:10:55 | INFO     | DF | Model loaded
2023-06-12 12:13:33 | INFO     | DF | Loading model settings of DeepFilterNet3
2023-06-12 12:13:33 | INFO     | DF | Initializing model `deepfilternet3`
2023-06-12 12:13:33 | INFO     | DF | Found checkpoint DeepFilterNet3/checkpoints/model_120.ckpt.best with epoch 120
2023-06-12 12:13:33 | INFO     | DF | Running on device cuda:0
2023-06-12 12:13:33 | INFO     | DF | Model loaded
2023-06-12 12:19:03 | INFO     | DF | Loading model settings of DeepFilterNet3
2023-06-12 12:19:03 | INFO     | DF | Initializing model `deepfilternet3`
2023-06-12 12:19:03 | INFO     | DF | Found checkpoint DeepFilterNet3/checkpoints/model_120.ckpt.best with epoch 120
2023-06-12 12:19:03 | INFO     | DF | Running on device cuda:0
2023-06-12 12:19:03 | INFO     | DF | Model loaded
2023-06-12 12:19:43 | INFO     | DF | Loading model settings of DeepFilterNet3
2023-06-12 12:19:43 | INFO     | DF | Initializing model `deepfilternet3`
2023-06-12 12:19:44 | INFO     | DF | Found checkpoint DeepFilterNet3/checkpoints/model_120.ckpt.best with epoch 120
2023-06-12 12:19:44 | INFO     | DF | Running on device cuda:0
2023-06-12 12:19:44 | INFO     | DF | Model loaded
